[debug] [2024-05-28T01:28:54.498Z] ----------------------------------------------------------------------
[debug] [2024-05-28T01:28:54.499Z] Command:       /usr/local/bin/node /usr/local/bin/firebase init
[debug] [2024-05-28T01:28:54.500Z] CLI Version:   13.10.1
[debug] [2024-05-28T01:28:54.500Z] Platform:      linux
[debug] [2024-05-28T01:28:54.500Z] Node Version:  v20.13.1
[debug] [2024-05-28T01:28:54.500Z] Time:          Tue May 28 2024 01:28:54 GMT+0000 (Coordinated Universal Time)
[debug] [2024-05-28T01:28:54.500Z] ----------------------------------------------------------------------
[debug] 
[debug] [2024-05-28T01:28:54.542Z] > command requires scopes: ["email","openid","https://www.googleapis.com/auth/cloudplatformprojects.readonly","https://www.googleapis.com/auth/firebase","https://www.googleapis.com/auth/cloud-platform"]
[debug] [2024-05-28T01:28:54.542Z] > authorizing via signed-in user (welvisconta@gmail.com)
[info] 
     ######## #### ########  ######## ########     ###     ######  ########
     ##        ##  ##     ## ##       ##     ##  ##   ##  ##       ##
     ######    ##  ########  ######   ########  #########  ######  ######
     ##        ##  ##    ##  ##       ##     ## ##     ##       ## ##
     ##       #### ##     ## ######## ########  ##     ##  ######  ########

You're about to initialize a Firebase project in this directory:

  /app

Before we get started, keep in mind:

  * You are currently outside your home directory
  * You are initializing within an existing Firebase project directory

